<?xml version="1.0" encoding="utf-8" ?>
<!DOCTYPE html PUBLIC "-//W3C//DTD XHTML 1.0 Strict//EN"
        "http://www.w3.org/TR/xhtml1/DTD/xhtml1-strict.dtd">
<html xmlns="http://www.w3.org/1999/xhtml" xml:lang="" lang="">
<head>
  <title>Test Results Report - 再次进件不出合同测试流程</title>
  <meta http-equiv="Content-Type" content="text/html;charset=utf-8" />
  <meta name="description" content="TestNG unit test results." />
  <link href="reportng.css" rel="stylesheet" type="text/css" />
    <script type="text/javascript" src="reportng.js"></script>
</head>
<body>
<h1>再次进件不出合同测试流程</h1>
<p>
  Test duration: 178.570s
</p>



  <table class="resultsTable">
    <tr><th colspan="3" class="header failed">Failed Tests</th></tr>
          <tr>
        <td colspan="3" class="group">com.kuaishoudan.financer.test.Test4</td>
      </tr>
            
<tr>
  <td class="method">
                  test11
      </td>
  <td class="duration">
    16.185s
  </td>
  <td class="result">
        
    
        

        <a href="javascript:toggleElement('exception-0', 'block')" title="Click to expand/collapse"><b>org.openqa.selenium.NoSuchElementException: An element could not be located on the page using the given search parameters. (WARNING: The server did not provide any stacktrace information)<br/>
Command duration or timeout: 15.46 seconds<br/>
For documentation on this error, please visit: http://seleniumhq.org/exceptions/no_such_element.html<br/>
Build info: version: &apos;2.45.0&apos;, revision: &apos;5017cb8&apos;, time: &apos;2015-02-26 23:59:50&apos;<br/>
System info: host: &apos;LB-201609032239&apos;, ip: &apos;192.168.203.1&apos;, os.name: &apos;Windows 10&apos;, os.arch: &apos;x86&apos;, os.version: &apos;10.0&apos;, java.version: &apos;1.8.0_101&apos;<br/>
Driver info: io.appium.java_client.android.AndroidDriver<br/>
Capabilities [{app=D:\xiazai\2013-10-24_adt-bundle-windows-x86-20130917\Test2\apps\financer_ceshi_2.4.0.2_24002_2018-04-18.apk, networkConnectionEnabled=true, noSign=true, warnings={}, app-package=com.kuaishoudan.financer, app-activity=com.kuaishoudan.financer.activity.act.WelcomeActivity, databaseEnabled=false, deviceName=60fd1ae7d240, version=4.4, platform=WINDOWS, desired={app=D:\xiazai\2013-10-24_adt-bundle-windows-x86-20130917\Test2\apps\financer_ceshi_2.4.0.2_24002_2018-04-18.apk, noSign=true, app-package=com.kuaishoudan.financer, app-activity=com.kuaishoudan.financer.activity.act.WelcomeActivity, browserName=, unicodeKeyboard=true, platformName=Android, deviceName=Android, version=4.4, device=Android, platform=WINDOWS, resetKeyboard=true}, platformVersion=6.0.1, webStorageEnabled=false, locationContextEnabled=false, browserName=, takesScreenshot=true, javascriptEnabled=true, unicodeKeyboard=true, platformName=Android, device=Android, resetKeyboard=true}]<br/>
Session ID: 681bbb18-31ae-431f-bb07-80ad69126d24<br/>
*** Element info: {Using=id, value=com.kuaishoudan.financer:id/toolbar_loan_status}</b></a><br />
    <div class="stackTrace" id="exception-0">
              sun.reflect.NativeConstructorAccessorImpl.newInstance0(Native Method)<br />
              sun.reflect.NativeConstructorAccessorImpl.newInstance(NativeConstructorAccessorImpl.java:62)<br />
              sun.reflect.DelegatingConstructorAccessorImpl.newInstance(DelegatingConstructorAccessorImpl.java:45)<br />
              java.lang.reflect.Constructor.newInstance(Constructor.java:423)<br />
              org.openqa.selenium.remote.ErrorHandler.createThrowable(ErrorHandler.java:204)<br />
              org.openqa.selenium.remote.ErrorHandler.throwIfResponseFailed(ErrorHandler.java:156)<br />
              org.openqa.selenium.remote.RemoteWebDriver.execute(RemoteWebDriver.java:599)<br />
              io.appium.java_client.DefaultGenericMobileDriver.execute(DefaultGenericMobileDriver.java:27)<br />
              io.appium.java_client.AppiumDriver.execute(AppiumDriver.java:1)<br />
              io.appium.java_client.android.AndroidDriver.execute(AndroidDriver.java:1)<br />
              org.openqa.selenium.remote.RemoteWebDriver.findElement(RemoteWebDriver.java:352)<br />
              org.openqa.selenium.remote.RemoteWebDriver.findElementById(RemoteWebDriver.java:393)<br />
              io.appium.java_client.DefaultGenericMobileDriver.findElementById(DefaultGenericMobileDriver.java:47)<br />
              io.appium.java_client.AppiumDriver.findElementById(AppiumDriver.java:1)<br />
              io.appium.java_client.android.AndroidDriver.findElementById(AndroidDriver.java:1)<br />
              org.openqa.selenium.By$ById.findElement(By.java:214)<br />
              org.openqa.selenium.remote.RemoteWebDriver.findElement(RemoteWebDriver.java:344)<br />
              io.appium.java_client.DefaultGenericMobileDriver.findElement(DefaultGenericMobileDriver.java:37)<br />
              io.appium.java_client.AppiumDriver.findElement(AppiumDriver.java:1)<br />
              io.appium.java_client.android.AndroidDriver.findElement(AndroidDriver.java:1)<br />
              com.kuaishoudan.financer.selenium.ZcjjUtil.getSPname(ZcjjUtil.java:180)<br />
              com.kuaishoudan.financer.test.Test4.test11(Test4.java:188)<br />
              sun.reflect.NativeMethodAccessorImpl.invoke0(Native Method)<br />
              sun.reflect.NativeMethodAccessorImpl.invoke(NativeMethodAccessorImpl.java:62)<br />
              sun.reflect.DelegatingMethodAccessorImpl.invoke(DelegatingMethodAccessorImpl.java:43)<br />
              java.lang.reflect.Method.invoke(Method.java:498)<br />
              org.testng.internal.MethodInvocationHelper.invokeMethod(MethodInvocationHelper.java:84)<br />
              org.testng.internal.Invoker.invokeMethod(Invoker.java:714)<br />
              org.testng.internal.Invoker.invokeTestMethod(Invoker.java:901)<br />
              org.testng.internal.Invoker.invokeTestMethods(Invoker.java:1231)<br />
              org.testng.internal.TestMethodWorker.invokeTestMethods(TestMethodWorker.java:127)<br />
              org.testng.internal.TestMethodWorker.run(TestMethodWorker.java:111)<br />
              org.testng.TestRunner.privateRun(TestRunner.java:767)<br />
              org.testng.TestRunner.run(TestRunner.java:617)<br />
              org.testng.SuiteRunner.runTest(SuiteRunner.java:335)<br />
              org.testng.SuiteRunner.access$000(SuiteRunner.java:37)<br />
              org.testng.SuiteRunner$SuiteWorker.run(SuiteRunner.java:369)<br />
              org.testng.internal.thread.ThreadUtil$2.call(ThreadUtil.java:64)<br />
              java.util.concurrent.FutureTask.run(FutureTask.java:266)<br />
              java.util.concurrent.ThreadPoolExecutor.runWorker(ThreadPoolExecutor.java:1142)<br />
              java.util.concurrent.ThreadPoolExecutor$Worker.run(ThreadPoolExecutor.java:617)<br />
              java.lang.Thread.run(Thread.java:745)<br />
                </div>
      </td>
</tr>
<tr>
  <td class="method">
                  test12
      </td>
  <td class="duration">
    16.098s
  </td>
  <td class="result">
        
    
        

        <a href="javascript:toggleElement('exception-1', 'block')" title="Click to expand/collapse"><b>org.openqa.selenium.NoSuchElementException: An element could not be located on the page using the given search parameters. (WARNING: The server did not provide any stacktrace information)<br/>
Command duration or timeout: 15.43 seconds<br/>
For documentation on this error, please visit: http://seleniumhq.org/exceptions/no_such_element.html<br/>
Build info: version: &apos;2.45.0&apos;, revision: &apos;5017cb8&apos;, time: &apos;2015-02-26 23:59:50&apos;<br/>
System info: host: &apos;LB-201609032239&apos;, ip: &apos;192.168.203.1&apos;, os.name: &apos;Windows 10&apos;, os.arch: &apos;x86&apos;, os.version: &apos;10.0&apos;, java.version: &apos;1.8.0_101&apos;<br/>
Driver info: io.appium.java_client.android.AndroidDriver<br/>
Capabilities [{app=D:\xiazai\2013-10-24_adt-bundle-windows-x86-20130917\Test2\apps\financer_ceshi_2.4.0.2_24002_2018-04-18.apk, networkConnectionEnabled=true, noSign=true, warnings={}, app-package=com.kuaishoudan.financer, app-activity=com.kuaishoudan.financer.activity.act.WelcomeActivity, databaseEnabled=false, deviceName=60fd1ae7d240, version=4.4, platform=WINDOWS, desired={app=D:\xiazai\2013-10-24_adt-bundle-windows-x86-20130917\Test2\apps\financer_ceshi_2.4.0.2_24002_2018-04-18.apk, noSign=true, app-package=com.kuaishoudan.financer, app-activity=com.kuaishoudan.financer.activity.act.WelcomeActivity, browserName=, unicodeKeyboard=true, platformName=Android, deviceName=Android, version=4.4, device=Android, platform=WINDOWS, resetKeyboard=true}, platformVersion=6.0.1, webStorageEnabled=false, locationContextEnabled=false, browserName=, takesScreenshot=true, javascriptEnabled=true, unicodeKeyboard=true, platformName=Android, device=Android, resetKeyboard=true}]<br/>
Session ID: 681bbb18-31ae-431f-bb07-80ad69126d24<br/>
*** Element info: {Using=id, value=com.kuaishoudan.financer:id/toolbar_loan_status}</b></a><br />
    <div class="stackTrace" id="exception-1">
              sun.reflect.NativeConstructorAccessorImpl.newInstance0(Native Method)<br />
              sun.reflect.NativeConstructorAccessorImpl.newInstance(NativeConstructorAccessorImpl.java:62)<br />
              sun.reflect.DelegatingConstructorAccessorImpl.newInstance(DelegatingConstructorAccessorImpl.java:45)<br />
              java.lang.reflect.Constructor.newInstance(Constructor.java:423)<br />
              org.openqa.selenium.remote.ErrorHandler.createThrowable(ErrorHandler.java:204)<br />
              org.openqa.selenium.remote.ErrorHandler.throwIfResponseFailed(ErrorHandler.java:156)<br />
              org.openqa.selenium.remote.RemoteWebDriver.execute(RemoteWebDriver.java:599)<br />
              io.appium.java_client.DefaultGenericMobileDriver.execute(DefaultGenericMobileDriver.java:27)<br />
              io.appium.java_client.AppiumDriver.execute(AppiumDriver.java:1)<br />
              io.appium.java_client.android.AndroidDriver.execute(AndroidDriver.java:1)<br />
              org.openqa.selenium.remote.RemoteWebDriver.findElement(RemoteWebDriver.java:352)<br />
              org.openqa.selenium.remote.RemoteWebDriver.findElementById(RemoteWebDriver.java:393)<br />
              io.appium.java_client.DefaultGenericMobileDriver.findElementById(DefaultGenericMobileDriver.java:47)<br />
              io.appium.java_client.AppiumDriver.findElementById(AppiumDriver.java:1)<br />
              io.appium.java_client.android.AndroidDriver.findElementById(AndroidDriver.java:1)<br />
              org.openqa.selenium.By$ById.findElement(By.java:214)<br />
              org.openqa.selenium.remote.RemoteWebDriver.findElement(RemoteWebDriver.java:344)<br />
              io.appium.java_client.DefaultGenericMobileDriver.findElement(DefaultGenericMobileDriver.java:37)<br />
              io.appium.java_client.AppiumDriver.findElement(AppiumDriver.java:1)<br />
              io.appium.java_client.android.AndroidDriver.findElement(AndroidDriver.java:1)<br />
              com.kuaishoudan.financer.selenium.ZcjjUtil.getSPname(ZcjjUtil.java:180)<br />
              com.kuaishoudan.financer.test.Test4.test12(Test4.java:218)<br />
              sun.reflect.NativeMethodAccessorImpl.invoke0(Native Method)<br />
              sun.reflect.NativeMethodAccessorImpl.invoke(NativeMethodAccessorImpl.java:62)<br />
              sun.reflect.DelegatingMethodAccessorImpl.invoke(DelegatingMethodAccessorImpl.java:43)<br />
              java.lang.reflect.Method.invoke(Method.java:498)<br />
              org.testng.internal.MethodInvocationHelper.invokeMethod(MethodInvocationHelper.java:84)<br />
              org.testng.internal.Invoker.invokeMethod(Invoker.java:714)<br />
              org.testng.internal.Invoker.invokeTestMethod(Invoker.java:901)<br />
              org.testng.internal.Invoker.invokeTestMethods(Invoker.java:1231)<br />
              org.testng.internal.TestMethodWorker.invokeTestMethods(TestMethodWorker.java:127)<br />
              org.testng.internal.TestMethodWorker.run(TestMethodWorker.java:111)<br />
              org.testng.TestRunner.privateRun(TestRunner.java:767)<br />
              org.testng.TestRunner.run(TestRunner.java:617)<br />
              org.testng.SuiteRunner.runTest(SuiteRunner.java:335)<br />
              org.testng.SuiteRunner.access$000(SuiteRunner.java:37)<br />
              org.testng.SuiteRunner$SuiteWorker.run(SuiteRunner.java:369)<br />
              org.testng.internal.thread.ThreadUtil$2.call(ThreadUtil.java:64)<br />
              java.util.concurrent.FutureTask.run(FutureTask.java:266)<br />
              java.util.concurrent.ThreadPoolExecutor.runWorker(ThreadPoolExecutor.java:1142)<br />
              java.util.concurrent.ThreadPoolExecutor$Worker.run(ThreadPoolExecutor.java:617)<br />
              java.lang.Thread.run(Thread.java:745)<br />
                </div>
      </td>
</tr>
<tr>
  <td class="method">
                  test2
      </td>
  <td class="duration">
    101.208s
  </td>
  <td class="result">
        
    
        

        <a href="javascript:toggleElement('exception-2', 'block')" title="Click to expand/collapse"><b>org.openqa.selenium.NoSuchElementException: An element could not be located on the page using the given search parameters. (WARNING: The server did not provide any stacktrace information)<br/>
Command duration or timeout: 9.00 seconds<br/>
For documentation on this error, please visit: http://seleniumhq.org/exceptions/no_such_element.html<br/>
Build info: version: &apos;2.45.0&apos;, revision: &apos;5017cb8&apos;, time: &apos;2015-02-26 23:59:50&apos;<br/>
System info: host: &apos;LB-201609032239&apos;, ip: &apos;192.168.203.1&apos;, os.name: &apos;Windows 10&apos;, os.arch: &apos;x86&apos;, os.version: &apos;10.0&apos;, java.version: &apos;1.8.0_101&apos;<br/>
Driver info: io.appium.java_client.android.AndroidDriver<br/>
Capabilities [{app=D:\xiazai\2013-10-24_adt-bundle-windows-x86-20130917\Test2\apps\financer_ceshi_2.4.0.2_24002_2018-04-18.apk, networkConnectionEnabled=true, noSign=true, warnings={}, app-package=com.kuaishoudan.financer, app-activity=com.kuaishoudan.financer.activity.act.WelcomeActivity, databaseEnabled=false, deviceName=60fd1ae7d240, version=4.4, platform=WINDOWS, desired={app=D:\xiazai\2013-10-24_adt-bundle-windows-x86-20130917\Test2\apps\financer_ceshi_2.4.0.2_24002_2018-04-18.apk, noSign=true, app-package=com.kuaishoudan.financer, app-activity=com.kuaishoudan.financer.activity.act.WelcomeActivity, browserName=, unicodeKeyboard=true, platformName=Android, deviceName=Android, version=4.4, device=Android, platform=WINDOWS, resetKeyboard=true}, platformVersion=6.0.1, webStorageEnabled=false, locationContextEnabled=false, browserName=, takesScreenshot=true, javascriptEnabled=true, unicodeKeyboard=true, platformName=Android, device=Android, resetKeyboard=true}]<br/>
Session ID: 681bbb18-31ae-431f-bb07-80ad69126d24<br/>
*** Element info: {Using=id, value=com.kuaishoudan.financer:id/dialog_custom_confirm}</b></a><br />
    <div class="stackTrace" id="exception-2">
              sun.reflect.NativeConstructorAccessorImpl.newInstance0(Native Method)<br />
              sun.reflect.NativeConstructorAccessorImpl.newInstance(NativeConstructorAccessorImpl.java:62)<br />
              sun.reflect.DelegatingConstructorAccessorImpl.newInstance(DelegatingConstructorAccessorImpl.java:45)<br />
              java.lang.reflect.Constructor.newInstance(Constructor.java:423)<br />
              org.openqa.selenium.remote.ErrorHandler.createThrowable(ErrorHandler.java:204)<br />
              org.openqa.selenium.remote.ErrorHandler.throwIfResponseFailed(ErrorHandler.java:156)<br />
              org.openqa.selenium.remote.RemoteWebDriver.execute(RemoteWebDriver.java:599)<br />
              io.appium.java_client.DefaultGenericMobileDriver.execute(DefaultGenericMobileDriver.java:27)<br />
              io.appium.java_client.AppiumDriver.execute(AppiumDriver.java:1)<br />
              io.appium.java_client.android.AndroidDriver.execute(AndroidDriver.java:1)<br />
              org.openqa.selenium.remote.RemoteWebDriver.findElement(RemoteWebDriver.java:352)<br />
              org.openqa.selenium.remote.RemoteWebDriver.findElementById(RemoteWebDriver.java:393)<br />
              io.appium.java_client.DefaultGenericMobileDriver.findElementById(DefaultGenericMobileDriver.java:47)<br />
              io.appium.java_client.AppiumDriver.findElementById(AppiumDriver.java:1)<br />
              io.appium.java_client.android.AndroidDriver.findElementById(AndroidDriver.java:1)<br />
              org.openqa.selenium.By$ById.findElement(By.java:214)<br />
              org.openqa.selenium.remote.RemoteWebDriver.findElement(RemoteWebDriver.java:344)<br />
              io.appium.java_client.DefaultGenericMobileDriver.findElement(DefaultGenericMobileDriver.java:37)<br />
              io.appium.java_client.AppiumDriver.findElement(AppiumDriver.java:1)<br />
              io.appium.java_client.android.AndroidDriver.findElement(AndroidDriver.java:1)<br />
              com.kuaishoudan.financer.selenium.AppUtil.upload(AppUtil.java:830)<br />
              com.kuaishoudan.financer.selenium.AppUtil.addGr(AppUtil.java:415)<br />
              com.kuaishoudan.financer.test.Test4.test2(Test4.java:79)<br />
              sun.reflect.NativeMethodAccessorImpl.invoke0(Native Method)<br />
              sun.reflect.NativeMethodAccessorImpl.invoke(NativeMethodAccessorImpl.java:62)<br />
              sun.reflect.DelegatingMethodAccessorImpl.invoke(DelegatingMethodAccessorImpl.java:43)<br />
              java.lang.reflect.Method.invoke(Method.java:498)<br />
              org.testng.internal.MethodInvocationHelper.invokeMethod(MethodInvocationHelper.java:84)<br />
              org.testng.internal.Invoker.invokeMethod(Invoker.java:714)<br />
              org.testng.internal.Invoker.invokeTestMethod(Invoker.java:901)<br />
              org.testng.internal.Invoker.invokeTestMethods(Invoker.java:1231)<br />
              org.testng.internal.TestMethodWorker.invokeTestMethods(TestMethodWorker.java:127)<br />
              org.testng.internal.TestMethodWorker.run(TestMethodWorker.java:111)<br />
              org.testng.TestRunner.privateRun(TestRunner.java:767)<br />
              org.testng.TestRunner.run(TestRunner.java:617)<br />
              org.testng.SuiteRunner.runTest(SuiteRunner.java:335)<br />
              org.testng.SuiteRunner.access$000(SuiteRunner.java:37)<br />
              org.testng.SuiteRunner$SuiteWorker.run(SuiteRunner.java:369)<br />
              org.testng.internal.thread.ThreadUtil$2.call(ThreadUtil.java:64)<br />
              java.util.concurrent.FutureTask.run(FutureTask.java:266)<br />
              java.util.concurrent.ThreadPoolExecutor.runWorker(ThreadPoolExecutor.java:1142)<br />
              java.util.concurrent.ThreadPoolExecutor$Worker.run(ThreadPoolExecutor.java:617)<br />
              java.lang.Thread.run(Thread.java:745)<br />
                </div>
      </td>
</tr>
      </table>

  <table class="resultsTable" width="100%">
    <tr><th colspan="3" class="header skipped">Skipped Tests</th></tr>
          <tr>
        <td colspan="3" class="group">com.kuaishoudan.financer.test.Test4</td>
      </tr>
            
<tr>
  <td class="method">
                  test10
      </td>
  <td class="duration">
    0.000s
  </td>
  <td class="result">
                             <i>Depends on method(s): </i>
        <span class="dependency">com.kuaishoudan.financer.test.Test4.test9</span>
                
    
        

      </td>
</tr>
<tr>
  <td class="method">
                  test3
      </td>
  <td class="duration">
    0.000s
  </td>
  <td class="result">
                             <i>Depends on method(s): </i>
        <span class="dependency">com.kuaishoudan.financer.test.Test4.test2</span>
                
    
        

      </td>
</tr>
<tr>
  <td class="method">
                  test4
      </td>
  <td class="duration">
    0.000s
  </td>
  <td class="result">
                             <i>Depends on method(s): </i>
        <span class="dependency">com.kuaishoudan.financer.test.Test4.test3</span>
                
    
        

      </td>
</tr>
<tr>
  <td class="method">
                  test5
      </td>
  <td class="duration">
    0.000s
  </td>
  <td class="result">
                             <i>Depends on method(s): </i>
        <span class="dependency">com.kuaishoudan.financer.test.Test4.test4</span>
                
    
        

      </td>
</tr>
<tr>
  <td class="method">
                  test8
      </td>
  <td class="duration">
    0.000s
  </td>
  <td class="result">
                             <i>Depends on method(s): </i>
        <span class="dependency">com.kuaishoudan.financer.test.Test4.test5</span>
                
    
        

      </td>
</tr>
<tr>
  <td class="method">
                  test9
      </td>
  <td class="duration">
    0.000s
  </td>
  <td class="result">
                             <i>Depends on method(s): </i>
        <span class="dependency">com.kuaishoudan.financer.test.Test4.test8</span>
                
    
        

      </td>
</tr>
      </table>

  
</body>
</html>
