<?xml version="1.0" encoding="UTF-8"?>
<testsuite name="再次进件申请合同测试流程"
           tests="11"
           failures="3"
           errors="0"
           skipped="7"
           time="115.413">
  <properties />
            <testcase name="test11" time="19.241" classname="com.kuaishoudan.financer.test.Test3">
                <failure type="org.openqa.selenium.NoSuchElementException"
                  message="An element could not be located on the page using the given search parameters. (WARNING: The server did not provide any stacktrace information)
Command duration or timeout: 15.37 seconds
For documentation on this error, please visit: http://seleniumhq.org/exceptions/no_such_element.html
Build info: version: &apos;2.45.0&apos;, revision: &apos;5017cb8&apos;, time: &apos;2015-02-26 23:59:50&apos;
System info: host: &apos;LB-201609032239&apos;, ip: &apos;192.168.203.1&apos;, os.name: &apos;Windows 10&apos;, os.arch: &apos;x86&apos;, os.version: &apos;10.0&apos;, java.version: &apos;1.8.0_101&apos;
Driver info: io.appium.java_client.android.AndroidDriver
Capabilities [{app=D:\xiazai\2013-10-24_adt-bundle-windows-x86-20130917\Test2\apps\financer_ceshi_2.4.0.2_24002_2018-04-18.apk, networkConnectionEnabled=true, noSign=true, warnings={}, app-package=com.kuaishoudan.financer, app-activity=com.kuaishoudan.financer.activity.act.WelcomeActivity, databaseEnabled=false, deviceName=60fd1ae7d240, version=4.4, platform=WINDOWS, desired={app=D:\xiazai\2013-10-24_adt-bundle-windows-x86-20130917\Test2\apps\financer_ceshi_2.4.0.2_24002_2018-04-18.apk, noSign=true, app-package=com.kuaishoudan.financer, app-activity=com.kuaishoudan.financer.activity.act.WelcomeActivity, browserName=, unicodeKeyboard=true, platformName=Android, deviceName=Android, version=4.4, device=Android, platform=WINDOWS, resetKeyboard=true}, platformVersion=6.0.1, webStorageEnabled=false, locationContextEnabled=false, browserName=, takesScreenshot=true, javascriptEnabled=true, unicodeKeyboard=true, platformName=Android, device=Android, resetKeyboard=true}]
Session ID: 15f3a701-eb01-4587-80dc-ee53936b91d6
*** Element info: {Using=id, value=com.kuaishoudan.financer:id/item_name}"
              >
<![CDATA[org.openqa.selenium.NoSuchElementException: An element could not be located on the page using the given search parameters. (WARNING: The server did not provide any stacktrace information)
Command duration or timeout: 15.37 seconds
For documentation on this error, please visit: http://seleniumhq.org/exceptions/no_such_element.html
Build info: version: '2.45.0', revision: '5017cb8', time: '2015-02-26 23:59:50'
System info: host: 'LB-201609032239', ip: '192.168.203.1', os.name: 'Windows 10', os.arch: 'x86', os.version: '10.0', java.version: '1.8.0_101'
Driver info: io.appium.java_client.android.AndroidDriver
Capabilities [{app=D:\xiazai\2013-10-24_adt-bundle-windows-x86-20130917\Test2\apps\financer_ceshi_2.4.0.2_24002_2018-04-18.apk, networkConnectionEnabled=true, noSign=true, warnings={}, app-package=com.kuaishoudan.financer, app-activity=com.kuaishoudan.financer.activity.act.WelcomeActivity, databaseEnabled=false, deviceName=60fd1ae7d240, version=4.4, platform=WINDOWS, desired={app=D:\xiazai\2013-10-24_adt-bundle-windows-x86-20130917\Test2\apps\financer_ceshi_2.4.0.2_24002_2018-04-18.apk, noSign=true, app-package=com.kuaishoudan.financer, app-activity=com.kuaishoudan.financer.activity.act.WelcomeActivity, browserName=, unicodeKeyboard=true, platformName=Android, deviceName=Android, version=4.4, device=Android, platform=WINDOWS, resetKeyboard=true}, platformVersion=6.0.1, webStorageEnabled=false, locationContextEnabled=false, browserName=, takesScreenshot=true, javascriptEnabled=true, unicodeKeyboard=true, platformName=Android, device=Android, resetKeyboard=true}]
Session ID: 15f3a701-eb01-4587-80dc-ee53936b91d6
*** Element info: {Using=id, value=com.kuaishoudan.financer:id/item_name}
  sun.reflect.NativeConstructorAccessorImpl.newInstance0(Native Method)
  sun.reflect.NativeConstructorAccessorImpl.newInstance(NativeConstructorAccessorImpl.java:62)
  sun.reflect.DelegatingConstructorAccessorImpl.newInstance(DelegatingConstructorAccessorImpl.java:45)
  java.lang.reflect.Constructor.newInstance(Constructor.java:423)
  org.openqa.selenium.remote.ErrorHandler.createThrowable(ErrorHandler.java:204)
  org.openqa.selenium.remote.ErrorHandler.throwIfResponseFailed(ErrorHandler.java:156)
  org.openqa.selenium.remote.RemoteWebDriver.execute(RemoteWebDriver.java:599)
  io.appium.java_client.DefaultGenericMobileDriver.execute(DefaultGenericMobileDriver.java:27)
  io.appium.java_client.AppiumDriver.execute(AppiumDriver.java:1)
  io.appium.java_client.android.AndroidDriver.execute(AndroidDriver.java:1)
  org.openqa.selenium.remote.RemoteWebElement.execute(RemoteWebElement.java:268)
  io.appium.java_client.DefaultGenericMobileElement.execute(DefaultGenericMobileElement.java:27)
  io.appium.java_client.MobileElement.execute(MobileElement.java:1)
  io.appium.java_client.android.AndroidElement.execute(AndroidElement.java:1)
  org.openqa.selenium.remote.RemoteWebElement.findElement(RemoteWebElement.java:171)
  org.openqa.selenium.remote.RemoteWebElement.findElementById(RemoteWebElement.java:204)
  io.appium.java_client.DefaultGenericMobileElement.findElementById(DefaultGenericMobileElement.java:47)
  io.appium.java_client.MobileElement.findElementById(MobileElement.java:1)
  io.appium.java_client.android.AndroidElement.findElementById(AndroidElement.java:1)
  org.openqa.selenium.By$ById.findElement(By.java:214)
  org.openqa.selenium.remote.RemoteWebElement.findElement(RemoteWebElement.java:167)
  io.appium.java_client.DefaultGenericMobileElement.findElement(DefaultGenericMobileElement.java:37)
  io.appium.java_client.MobileElement.findElement(MobileElement.java:1)
  io.appium.java_client.android.AndroidElement.findElement(AndroidElement.java:1)
  com.kuaishoudan.financer.selenium.ZcjjUtil.getSPname(ZcjjUtil.java:199)
  com.kuaishoudan.financer.test.Test3.test11(Test3.java:211)
  sun.reflect.NativeMethodAccessorImpl.invoke0(Native Method)
  sun.reflect.NativeMethodAccessorImpl.invoke(NativeMethodAccessorImpl.java:62)
  sun.reflect.DelegatingMethodAccessorImpl.invoke(DelegatingMethodAccessorImpl.java:43)
  java.lang.reflect.Method.invoke(Method.java:498)
  org.testng.internal.MethodInvocationHelper.invokeMethod(MethodInvocationHelper.java:84)
  org.testng.internal.Invoker.invokeMethod(Invoker.java:714)
  org.testng.internal.Invoker.invokeTestMethod(Invoker.java:901)
  org.testng.internal.Invoker.invokeTestMethods(Invoker.java:1231)
  org.testng.internal.TestMethodWorker.invokeTestMethods(TestMethodWorker.java:127)
  org.testng.internal.TestMethodWorker.run(TestMethodWorker.java:111)
  org.testng.TestRunner.privateRun(TestRunner.java:767)
  org.testng.TestRunner.run(TestRunner.java:617)
  org.testng.SuiteRunner.runTest(SuiteRunner.java:335)
  org.testng.SuiteRunner.access$000(SuiteRunner.java:37)
  org.testng.SuiteRunner$SuiteWorker.run(SuiteRunner.java:369)
  org.testng.internal.thread.ThreadUtil$2.call(ThreadUtil.java:64)
  java.util.concurrent.FutureTask.run(FutureTask.java:266)
  java.util.concurrent.ThreadPoolExecutor.runWorker(ThreadPoolExecutor.java:1142)
  java.util.concurrent.ThreadPoolExecutor$Worker.run(ThreadPoolExecutor.java:617)
  java.lang.Thread.run(Thread.java:745)
]]>
      </failure>

          </testcase>
            <testcase name="test3" time="11.244" classname="com.kuaishoudan.financer.test.Test3">
                <failure type="org.openqa.selenium.NoSuchElementException"
                  message="no such element: Unable to locate element: {&quot;method&quot;:&quot;xpath&quot;,&quot;selector&quot;:&quot;//div[@class=&apos;requestpayout_detail_btn_box&apos;]/div[2]&quot;}
  (Session info: chrome=65.0.3325.181)
  (Driver info: chromedriver=2.35.528161 (5b82f2d2aae0ca24b877009200ced9065a772e73),platform=Windows NT 10.0.10586 x86_64) (WARNING: The server did not provide any stacktrace information)
Command duration or timeout: 10.05 seconds
For documentation on this error, please visit: http://seleniumhq.org/exceptions/no_such_element.html
Build info: version: &apos;2.45.0&apos;, revision: &apos;5017cb8&apos;, time: &apos;2015-02-26 23:59:50&apos;
System info: host: &apos;LB-201609032239&apos;, ip: &apos;192.168.203.1&apos;, os.name: &apos;Windows 10&apos;, os.arch: &apos;x86&apos;, os.version: &apos;10.0&apos;, java.version: &apos;1.8.0_101&apos;
Driver info: org.openqa.selenium.chrome.ChromeDriver
Capabilities [{applicationCacheEnabled=false, rotatable=false, mobileEmulationEnabled=false, networkConnectionEnabled=false, chrome={chromedriverVersion=2.35.528161 (5b82f2d2aae0ca24b877009200ced9065a772e73), userDataDir=C:\Users\ADMINI~1\AppData\Local\Temp\scoped_dir12376_28002}, takesHeapSnapshot=true, pageLoadStrategy=normal, databaseEnabled=false, handlesAlerts=true, hasTouchScreen=false, version=65.0.3325.181, platform=XP, browserConnectionEnabled=false, nativeEvents=true, acceptSslCerts=false, acceptInsecureCerts=false, locationContextEnabled=true, webStorageEnabled=true, browserName=chrome, takesScreenshot=true, javascriptEnabled=true, cssSelectorsEnabled=true, setWindowRect=true, unexpectedAlertBehaviour=}]
Session ID: 4be022bef5b8986b30a564edb12c922b
*** Element info: {Using=xpath, value=//div[@class=&apos;requestpayout_detail_btn_box&apos;]/div[2]}"
              >
<![CDATA[org.openqa.selenium.NoSuchElementException: no such element: Unable to locate element: {"method":"xpath","selector":"//div[@class='requestpayout_detail_btn_box']/div[2]"}
  (Session info: chrome=65.0.3325.181)
  (Driver info: chromedriver=2.35.528161 (5b82f2d2aae0ca24b877009200ced9065a772e73),platform=Windows NT 10.0.10586 x86_64) (WARNING: The server did not provide any stacktrace information)
Command duration or timeout: 10.05 seconds
For documentation on this error, please visit: http://seleniumhq.org/exceptions/no_such_element.html
Build info: version: '2.45.0', revision: '5017cb8', time: '2015-02-26 23:59:50'
System info: host: 'LB-201609032239', ip: '192.168.203.1', os.name: 'Windows 10', os.arch: 'x86', os.version: '10.0', java.version: '1.8.0_101'
Driver info: org.openqa.selenium.chrome.ChromeDriver
Capabilities [{applicationCacheEnabled=false, rotatable=false, mobileEmulationEnabled=false, networkConnectionEnabled=false, chrome={chromedriverVersion=2.35.528161 (5b82f2d2aae0ca24b877009200ced9065a772e73), userDataDir=C:\Users\ADMINI~1\AppData\Local\Temp\scoped_dir12376_28002}, takesHeapSnapshot=true, pageLoadStrategy=normal, databaseEnabled=false, handlesAlerts=true, hasTouchScreen=false, version=65.0.3325.181, platform=XP, browserConnectionEnabled=false, nativeEvents=true, acceptSslCerts=false, acceptInsecureCerts=false, locationContextEnabled=true, webStorageEnabled=true, browserName=chrome, takesScreenshot=true, javascriptEnabled=true, cssSelectorsEnabled=true, setWindowRect=true, unexpectedAlertBehaviour=}]
Session ID: 4be022bef5b8986b30a564edb12c922b
*** Element info: {Using=xpath, value=//div[@class='requestpayout_detail_btn_box']/div[2]}
  sun.reflect.NativeConstructorAccessorImpl.newInstance0(Native Method)
  sun.reflect.NativeConstructorAccessorImpl.newInstance(NativeConstructorAccessorImpl.java:62)
  sun.reflect.DelegatingConstructorAccessorImpl.newInstance(DelegatingConstructorAccessorImpl.java:45)
  java.lang.reflect.Constructor.newInstance(Constructor.java:423)
  org.openqa.selenium.remote.ErrorHandler.createThrowable(ErrorHandler.java:204)
  org.openqa.selenium.remote.ErrorHandler.throwIfResponseFailed(ErrorHandler.java:156)
  org.openqa.selenium.remote.RemoteWebDriver.execute(RemoteWebDriver.java:599)
  org.openqa.selenium.remote.RemoteWebDriver.findElement(RemoteWebDriver.java:352)
  org.openqa.selenium.remote.RemoteWebDriver.findElementByXPath(RemoteWebDriver.java:449)
  org.openqa.selenium.By$ByXPath.findElement(By.java:357)
  org.openqa.selenium.remote.RemoteWebDriver.findElement(RemoteWebDriver.java:344)
  com.kuaishoudan.financer.selenium.WebUtil.testDFP(WebUtil.java:89)
  com.kuaishoudan.financer.test.Test3.test3(Test3.java:99)
  sun.reflect.NativeMethodAccessorImpl.invoke0(Native Method)
  sun.reflect.NativeMethodAccessorImpl.invoke(NativeMethodAccessorImpl.java:62)
  sun.reflect.DelegatingMethodAccessorImpl.invoke(DelegatingMethodAccessorImpl.java:43)
  java.lang.reflect.Method.invoke(Method.java:498)
  org.testng.internal.MethodInvocationHelper.invokeMethod(MethodInvocationHelper.java:84)
  org.testng.internal.Invoker.invokeMethod(Invoker.java:714)
  org.testng.internal.Invoker.invokeTestMethod(Invoker.java:901)
  org.testng.internal.Invoker.invokeTestMethods(Invoker.java:1231)
  org.testng.internal.TestMethodWorker.invokeTestMethods(TestMethodWorker.java:127)
  org.testng.internal.TestMethodWorker.run(TestMethodWorker.java:111)
  org.testng.TestRunner.privateRun(TestRunner.java:767)
  org.testng.TestRunner.run(TestRunner.java:617)
  org.testng.SuiteRunner.runTest(SuiteRunner.java:335)
  org.testng.SuiteRunner.access$000(SuiteRunner.java:37)
  org.testng.SuiteRunner$SuiteWorker.run(SuiteRunner.java:369)
  org.testng.internal.thread.ThreadUtil$2.call(ThreadUtil.java:64)
  java.util.concurrent.FutureTask.run(FutureTask.java:266)
  java.util.concurrent.ThreadPoolExecutor.runWorker(ThreadPoolExecutor.java:1142)
  java.util.concurrent.ThreadPoolExecutor$Worker.run(ThreadPoolExecutor.java:617)
  java.lang.Thread.run(Thread.java:745)
]]>
      </failure>

          </testcase>
            <testcase name="test12" time="17.826" classname="com.kuaishoudan.financer.test.Test3">
                <failure type="org.openqa.selenium.NoSuchElementException"
                  message="An element could not be located on the page using the given search parameters. (WARNING: The server did not provide any stacktrace information)
Command duration or timeout: 15.52 seconds
For documentation on this error, please visit: http://seleniumhq.org/exceptions/no_such_element.html
Build info: version: &apos;2.45.0&apos;, revision: &apos;5017cb8&apos;, time: &apos;2015-02-26 23:59:50&apos;
System info: host: &apos;LB-201609032239&apos;, ip: &apos;192.168.203.1&apos;, os.name: &apos;Windows 10&apos;, os.arch: &apos;x86&apos;, os.version: &apos;10.0&apos;, java.version: &apos;1.8.0_101&apos;
Driver info: io.appium.java_client.android.AndroidDriver
Capabilities [{app=D:\xiazai\2013-10-24_adt-bundle-windows-x86-20130917\Test2\apps\financer_ceshi_2.4.0.2_24002_2018-04-18.apk, networkConnectionEnabled=true, noSign=true, warnings={}, app-package=com.kuaishoudan.financer, app-activity=com.kuaishoudan.financer.activity.act.WelcomeActivity, databaseEnabled=false, deviceName=60fd1ae7d240, version=4.4, platform=WINDOWS, desired={app=D:\xiazai\2013-10-24_adt-bundle-windows-x86-20130917\Test2\apps\financer_ceshi_2.4.0.2_24002_2018-04-18.apk, noSign=true, app-package=com.kuaishoudan.financer, app-activity=com.kuaishoudan.financer.activity.act.WelcomeActivity, browserName=, unicodeKeyboard=true, platformName=Android, deviceName=Android, version=4.4, device=Android, platform=WINDOWS, resetKeyboard=true}, platformVersion=6.0.1, webStorageEnabled=false, locationContextEnabled=false, browserName=, takesScreenshot=true, javascriptEnabled=true, unicodeKeyboard=true, platformName=Android, device=Android, resetKeyboard=true}]
Session ID: 15f3a701-eb01-4587-80dc-ee53936b91d6
*** Element info: {Using=id, value=com.kuaishoudan.financer:id/item_name}"
              >
<![CDATA[org.openqa.selenium.NoSuchElementException: An element could not be located on the page using the given search parameters. (WARNING: The server did not provide any stacktrace information)
Command duration or timeout: 15.52 seconds
For documentation on this error, please visit: http://seleniumhq.org/exceptions/no_such_element.html
Build info: version: '2.45.0', revision: '5017cb8', time: '2015-02-26 23:59:50'
System info: host: 'LB-201609032239', ip: '192.168.203.1', os.name: 'Windows 10', os.arch: 'x86', os.version: '10.0', java.version: '1.8.0_101'
Driver info: io.appium.java_client.android.AndroidDriver
Capabilities [{app=D:\xiazai\2013-10-24_adt-bundle-windows-x86-20130917\Test2\apps\financer_ceshi_2.4.0.2_24002_2018-04-18.apk, networkConnectionEnabled=true, noSign=true, warnings={}, app-package=com.kuaishoudan.financer, app-activity=com.kuaishoudan.financer.activity.act.WelcomeActivity, databaseEnabled=false, deviceName=60fd1ae7d240, version=4.4, platform=WINDOWS, desired={app=D:\xiazai\2013-10-24_adt-bundle-windows-x86-20130917\Test2\apps\financer_ceshi_2.4.0.2_24002_2018-04-18.apk, noSign=true, app-package=com.kuaishoudan.financer, app-activity=com.kuaishoudan.financer.activity.act.WelcomeActivity, browserName=, unicodeKeyboard=true, platformName=Android, deviceName=Android, version=4.4, device=Android, platform=WINDOWS, resetKeyboard=true}, platformVersion=6.0.1, webStorageEnabled=false, locationContextEnabled=false, browserName=, takesScreenshot=true, javascriptEnabled=true, unicodeKeyboard=true, platformName=Android, device=Android, resetKeyboard=true}]
Session ID: 15f3a701-eb01-4587-80dc-ee53936b91d6
*** Element info: {Using=id, value=com.kuaishoudan.financer:id/item_name}
  sun.reflect.NativeConstructorAccessorImpl.newInstance0(Native Method)
  sun.reflect.NativeConstructorAccessorImpl.newInstance(NativeConstructorAccessorImpl.java:62)
  sun.reflect.DelegatingConstructorAccessorImpl.newInstance(DelegatingConstructorAccessorImpl.java:45)
  java.lang.reflect.Constructor.newInstance(Constructor.java:423)
  org.openqa.selenium.remote.ErrorHandler.createThrowable(ErrorHandler.java:204)
  org.openqa.selenium.remote.ErrorHandler.throwIfResponseFailed(ErrorHandler.java:156)
  org.openqa.selenium.remote.RemoteWebDriver.execute(RemoteWebDriver.java:599)
  io.appium.java_client.DefaultGenericMobileDriver.execute(DefaultGenericMobileDriver.java:27)
  io.appium.java_client.AppiumDriver.execute(AppiumDriver.java:1)
  io.appium.java_client.android.AndroidDriver.execute(AndroidDriver.java:1)
  org.openqa.selenium.remote.RemoteWebElement.execute(RemoteWebElement.java:268)
  io.appium.java_client.DefaultGenericMobileElement.execute(DefaultGenericMobileElement.java:27)
  io.appium.java_client.MobileElement.execute(MobileElement.java:1)
  io.appium.java_client.android.AndroidElement.execute(AndroidElement.java:1)
  org.openqa.selenium.remote.RemoteWebElement.findElement(RemoteWebElement.java:171)
  org.openqa.selenium.remote.RemoteWebElement.findElementById(RemoteWebElement.java:204)
  io.appium.java_client.DefaultGenericMobileElement.findElementById(DefaultGenericMobileElement.java:47)
  io.appium.java_client.MobileElement.findElementById(MobileElement.java:1)
  io.appium.java_client.android.AndroidElement.findElementById(AndroidElement.java:1)
  org.openqa.selenium.By$ById.findElement(By.java:214)
  org.openqa.selenium.remote.RemoteWebElement.findElement(RemoteWebElement.java:167)
  io.appium.java_client.DefaultGenericMobileElement.findElement(DefaultGenericMobileElement.java:37)
  io.appium.java_client.MobileElement.findElement(MobileElement.java:1)
  io.appium.java_client.android.AndroidElement.findElement(AndroidElement.java:1)
  com.kuaishoudan.financer.selenium.ZcjjUtil.getSPname(ZcjjUtil.java:199)
  com.kuaishoudan.financer.test.Test3.test12(Test3.java:241)
  sun.reflect.NativeMethodAccessorImpl.invoke0(Native Method)
  sun.reflect.NativeMethodAccessorImpl.invoke(NativeMethodAccessorImpl.java:62)
  sun.reflect.DelegatingMethodAccessorImpl.invoke(DelegatingMethodAccessorImpl.java:43)
  java.lang.reflect.Method.invoke(Method.java:498)
  org.testng.internal.MethodInvocationHelper.invokeMethod(MethodInvocationHelper.java:84)
  org.testng.internal.Invoker.invokeMethod(Invoker.java:714)
  org.testng.internal.Invoker.invokeTestMethod(Invoker.java:901)
  org.testng.internal.Invoker.invokeTestMethods(Invoker.java:1231)
  org.testng.internal.TestMethodWorker.invokeTestMethods(TestMethodWorker.java:127)
  org.testng.internal.TestMethodWorker.run(TestMethodWorker.java:111)
  org.testng.TestRunner.privateRun(TestRunner.java:767)
  org.testng.TestRunner.run(TestRunner.java:617)
  org.testng.SuiteRunner.runTest(SuiteRunner.java:335)
  org.testng.SuiteRunner.access$000(SuiteRunner.java:37)
  org.testng.SuiteRunner$SuiteWorker.run(SuiteRunner.java:369)
  org.testng.internal.thread.ThreadUtil$2.call(ThreadUtil.java:64)
  java.util.concurrent.FutureTask.run(FutureTask.java:266)
  java.util.concurrent.ThreadPoolExecutor.runWorker(ThreadPoolExecutor.java:1142)
  java.util.concurrent.ThreadPoolExecutor$Worker.run(ThreadPoolExecutor.java:617)
  java.lang.Thread.run(Thread.java:745)
]]>
      </failure>

          </testcase>
  
            <testcase name="test8" time="0.0" classname="com.kuaishoudan.financer.test.Test3">
          <skipped />
    </testcase>
            <testcase name="test9" time="0.0" classname="com.kuaishoudan.financer.test.Test3">
          <skipped />
    </testcase>
            <testcase name="test4" time="0.0" classname="com.kuaishoudan.financer.test.Test3">
          <skipped />
    </testcase>
            <testcase name="test7" time="0.0" classname="com.kuaishoudan.financer.test.Test3">
          <skipped />
    </testcase>
            <testcase name="test6" time="0.0" classname="com.kuaishoudan.financer.test.Test3">
          <skipped />
    </testcase>
            <testcase name="test5" time="0.0" classname="com.kuaishoudan.financer.test.Test3">
          <skipped />
    </testcase>
            <testcase name="test10" time="0.0" classname="com.kuaishoudan.financer.test.Test3">
          <skipped />
    </testcase>
  
            <testcase name="test2" time="67.102" classname="com.kuaishoudan.financer.test.Test3" />
      
</testsuite>
