<?xml version="1.0" encoding="UTF-8"?>
<testsuite name="旅程服务-遗失物品-我要报失"
           tests="8"
           failures="1"
           errors="0"
           skipped="7"
           time="0.002">
  <properties />
            <testcase name="setUp" time="0.000" classname="com.winsion.inception.test.lc.Yswp">
                <failure type="org.openqa.selenium.NoSuchElementException"
                  message="An element could not be located on the page using the given search parameters. (WARNING: The server did not provide any stacktrace information)
Command duration or timeout: 404 milliseconds
For documentation on this error, please visit: http://seleniumhq.org/exceptions/no_such_element.html
Build info: version: &apos;2.44.0&apos;, revision: &apos;76d78cf&apos;, time: &apos;2014-10-23 20:03:00&apos;
System info: host: &apos;PC-CS02&apos;, ip: &apos;172.16.7.21&apos;, os.name: &apos;Windows 7&apos;, os.arch: &apos;x86&apos;, os.version: &apos;6.1&apos;, java.version: &apos;1.8.0&apos;
Driver info: io.appium.java_client.android.AndroidDriver
Capabilities [{app=D:\xiazai\2013-10-24_adt-bundle-windows-x86-20130917\TestTrain1\apps\app17.apk, networkConnectionEnabled=true, noSign=true, warnings={}, app-package=com.winsion.inception, app-activity=com.winsion.inception.splash.SplashActivity, databaseEnabled=false, deviceName=PJTWSK9L99999999, version=4.4, platform=WINDOWS, desired={app=D:\xiazai\2013-10-24_adt-bundle-windows-x86-20130917\TestTrain1\apps\app17.apk, noSign=true, app-package=com.winsion.inception, app-activity=com.winsion.inception.splash.SplashActivity, browserName=, unicodeKeyboard=true, platformName=Android, deviceName=Android, version=4.4, device=Android, platform=WINDOWS, resetKeyboard=true}, platformVersion=5.0.2, webStorageEnabled=false, locationContextEnabled=false, browserName=, takesScreenshot=true, javascriptEnabled=true, unicodeKeyboard=true, platformName=Android, device=Android, resetKeyboard=true}]
Session ID: e24f4baa-cce0-4462-b8d8-e8634ca93698"
              >
<![CDATA[org.openqa.selenium.NoSuchElementException: An element could not be located on the page using the given search parameters. (WARNING: The server did not provide any stacktrace information)
Command duration or timeout: 404 milliseconds
For documentation on this error, please visit: http://seleniumhq.org/exceptions/no_such_element.html
Build info: version: '2.44.0', revision: '76d78cf', time: '2014-10-23 20:03:00'
System info: host: 'PC-CS02', ip: '172.16.7.21', os.name: 'Windows 7', os.arch: 'x86', os.version: '6.1', java.version: '1.8.0'
Driver info: io.appium.java_client.android.AndroidDriver
Capabilities [{app=D:\xiazai\2013-10-24_adt-bundle-windows-x86-20130917\TestTrain1\apps\app17.apk, networkConnectionEnabled=true, noSign=true, warnings={}, app-package=com.winsion.inception, app-activity=com.winsion.inception.splash.SplashActivity, databaseEnabled=false, deviceName=PJTWSK9L99999999, version=4.4, platform=WINDOWS, desired={app=D:\xiazai\2013-10-24_adt-bundle-windows-x86-20130917\TestTrain1\apps\app17.apk, noSign=true, app-package=com.winsion.inception, app-activity=com.winsion.inception.splash.SplashActivity, browserName=, unicodeKeyboard=true, platformName=Android, deviceName=Android, version=4.4, device=Android, platform=WINDOWS, resetKeyboard=true}, platformVersion=5.0.2, webStorageEnabled=false, locationContextEnabled=false, browserName=, takesScreenshot=true, javascriptEnabled=true, unicodeKeyboard=true, platformName=Android, device=Android, resetKeyboard=true}]
Session ID: e24f4baa-cce0-4462-b8d8-e8634ca93698
  sun.reflect.NativeConstructorAccessorImpl.newInstance0(Native Method)
  sun.reflect.NativeConstructorAccessorImpl.newInstance(NativeConstructorAccessorImpl.java:62)
  sun.reflect.DelegatingConstructorAccessorImpl.newInstance(DelegatingConstructorAccessorImpl.java:45)
  java.lang.reflect.Constructor.newInstance(Constructor.java:408)
  org.openqa.selenium.remote.ErrorHandler.createThrowable(ErrorHandler.java:204)
  org.openqa.selenium.remote.ErrorHandler.throwIfResponseFailed(ErrorHandler.java:156)
  org.openqa.selenium.remote.RemoteWebDriver.execute(RemoteWebDriver.java:599)
  io.appium.java_client.DefaultGenericMobileDriver.execute(DefaultGenericMobileDriver.java:27)
  io.appium.java_client.AppiumDriver.execute(AppiumDriver.java:1)
  io.appium.java_client.android.AndroidDriver.execute(AndroidDriver.java:1)
  org.openqa.selenium.remote.RemoteWebDriver.findElement(RemoteWebDriver.java:352)
  org.openqa.selenium.remote.RemoteWebDriver.findElementById(RemoteWebDriver.java:393)
  io.appium.java_client.DefaultGenericMobileDriver.findElementById(DefaultGenericMobileDriver.java:47)
  io.appium.java_client.AppiumDriver.findElementById(AppiumDriver.java:1)
  io.appium.java_client.android.AndroidDriver.findElementById(AndroidDriver.java:1)
  org.openqa.selenium.By$ById.findElement(By.java:214)
  org.openqa.selenium.remote.RemoteWebDriver.findElement(RemoteWebDriver.java:344)
  io.appium.java_client.DefaultGenericMobileDriver.findElement(DefaultGenericMobileDriver.java:37)
  io.appium.java_client.AppiumDriver.findElement(AppiumDriver.java:1)
  io.appium.java_client.android.AndroidDriver.findElement(AndroidDriver.java:1)
  com.winsion.inception.test.lc.Yswp.setUp(Yswp.java:32)
  sun.reflect.NativeMethodAccessorImpl.invoke0(Native Method)
  sun.reflect.NativeMethodAccessorImpl.invoke(NativeMethodAccessorImpl.java:62)
  sun.reflect.DelegatingMethodAccessorImpl.invoke(DelegatingMethodAccessorImpl.java:43)
  java.lang.reflect.Method.invoke(Method.java:483)
  org.testng.internal.MethodInvocationHelper.invokeMethod(MethodInvocationHelper.java:84)
  org.testng.internal.Invoker.invokeConfigurationMethod(Invoker.java:564)
  org.testng.internal.Invoker.invokeConfigurations(Invoker.java:213)
  org.testng.internal.Invoker.invokeConfigurations(Invoker.java:138)
  org.testng.TestRunner.beforeRun(TestRunner.java:641)
  org.testng.TestRunner.run(TestRunner.java:609)
  org.testng.SuiteRunner.runTest(SuiteRunner.java:335)
  org.testng.SuiteRunner.access$000(SuiteRunner.java:37)
  org.testng.SuiteRunner$SuiteWorker.run(SuiteRunner.java:369)
  org.testng.internal.thread.ThreadUtil$2.call(ThreadUtil.java:64)
  java.util.concurrent.FutureTask.run(FutureTask.java:266)
  java.util.concurrent.ThreadPoolExecutor.runWorker(ThreadPoolExecutor.java:1142)
  java.util.concurrent.ThreadPoolExecutor$Worker.run(ThreadPoolExecutor.java:617)
  java.lang.Thread.run(Thread.java:744)
]]>
      </failure>

          </testcase>
  
            <testcase name="tearDown" time="0.0" classname="com.winsion.inception.test.lc.Yswp">
          <skipped />
    </testcase>
            <testcase name="test5" time="0.0" classname="com.winsion.inception.test.lc.Yswp">
          <skipped />
    </testcase>
            <testcase name="test1" time="0.0" classname="com.winsion.inception.test.lc.Yswp">
          <skipped />
    </testcase>
            <testcase name="test3" time="0.0" classname="com.winsion.inception.test.lc.Yswp">
          <skipped />
    </testcase>
            <testcase name="test2" time="0.0" classname="com.winsion.inception.test.lc.Yswp">
          <skipped />
    </testcase>
            <testcase name="test4" time="0.0" classname="com.winsion.inception.test.lc.Yswp">
          <skipped />
    </testcase>
            <testcase name="test6" time="0.0" classname="com.winsion.inception.test.lc.Yswp">
          <skipped />
    </testcase>
  
  
</testsuite>
